<?xml version="1.0" encoding="UTF-8"?>
<coverage generated="1666576218470" clover="3.2.0">
  <project timestamp="1666576218470" name="All files">
    <metrics statements="87" coveredstatements="85" conditionals="29" coveredconditionals="29" methods="20" coveredmethods="20" elements="136" coveredelements="134" complexity="0" loc="87" ncloc="87" packages="3" files="5" classes="5"/>
    <package name="server">
      <metrics statements="12" coveredstatements="10" conditionals="2" coveredconditionals="2" methods="1" coveredmethods="1"/>
      <file name="app.js" path="C:\Users\pjust\Projects\mc-be-markdown\server\app.js">
        <metrics statements="12" coveredstatements="10" conditionals="2" coveredconditionals="2" methods="1" coveredmethods="1"/>
        <line num="3" count="1" type="stmt"/>
        <line num="4" count="1" type="stmt"/>
        <line num="6" count="1" type="stmt"/>
        <line num="7" count="4" type="stmt"/>
        <line num="9" count="4" type="cond" truecount="2" falsecount="0"/>
        <line num="10" count="1" type="stmt"/>
        <line num="11" count="1" type="stmt"/>
        <line num="14" count="3" type="stmt"/>
        <line num="15" count="3" type="stmt"/>
        <line num="17" count="0" type="stmt"/>
        <line num="18" count="0" type="stmt"/>
        <line num="21" count="3" type="stmt"/>
      </file>
    </package>
    <package name="server.converter">
      <metrics statements="70" coveredstatements="70" conditionals="27" coveredconditionals="27" methods="16" coveredmethods="16"/>
      <file name="converter.js" path="C:\Users\pjust\Projects\mc-be-markdown\server\converter\converter.js">
        <metrics statements="14" coveredstatements="14" conditionals="6" coveredconditionals="6" methods="1" coveredmethods="1"/>
        <line num="20" count="27" type="stmt"/>
        <line num="21" count="27" type="stmt"/>
        <line num="23" count="27" type="stmt"/>
        <line num="24" count="37" type="stmt"/>
        <line num="26" count="37" type="cond" truecount="2" falsecount="0"/>
        <line num="27" count="6" type="cond" truecount="2" falsecount="0"/>
        <line num="28" count="1" type="stmt"/>
        <line num="29" count="6" type="stmt"/>
        <line num="32" count="31" type="stmt"/>
        <line num="33" count="31" type="stmt"/>
        <line num="35" count="31" type="stmt"/>
        <line num="36" count="31" type="cond" truecount="2" falsecount="0"/>
        <line num="39" count="27" type="stmt"/>
        <line num="41" count="27" type="stmt"/>
      </file>
      <file name="htmlBuilder.js" path="C:\Users\pjust\Projects\mc-be-markdown\server\converter\htmlBuilder.js">
        <metrics statements="42" coveredstatements="42" conditionals="17" coveredconditionals="17" methods="9" coveredmethods="9"/>
        <line num="6" count="27" type="stmt"/>
        <line num="7" count="27" type="stmt"/>
        <line num="16" count="31" type="stmt"/>
        <line num="17" count="31" type="cond" truecount="2" falsecount="0"/>
        <line num="18" count="13" type="cond" truecount="2" falsecount="0"/>
        <line num="19" count="13" type="stmt"/>
        <line num="21" count="18" type="stmt"/>
        <line num="22" count="18" type="cond" truecount="2" falsecount="0"/>
        <line num="24" count="31" type="stmt"/>
        <line num="28" count="19" type="stmt"/>
        <line num="32" count="2" type="stmt"/>
        <line num="33" count="2" type="stmt"/>
        <line num="34" count="2" type="stmt"/>
        <line num="38" count="13" type="stmt"/>
        <line num="40" count="13" type="stmt"/>
        <line num="41" count="13" type="stmt"/>
        <line num="42" count="13" type="stmt"/>
        <line num="44" count="13" type="stmt"/>
        <line num="48" count="18" type="cond" truecount="2" falsecount="0"/>
        <line num="49" count="18" type="stmt"/>
        <line num="50" count="18" type="stmt"/>
        <line num="55" count="31" type="stmt"/>
        <line num="56" count="31" type="stmt"/>
        <line num="58" count="31" type="cond" truecount="3" falsecount="0"/>
        <line num="59" count="11" type="stmt"/>
        <line num="60" count="11" type="stmt"/>
        <line num="61" count="11" type="cond" truecount="4" falsecount="0"/>
        <line num="62" count="6" type="stmt"/>
        <line num="67" count="11" type="stmt"/>
        <line num="68" count="11" type="stmt"/>
        <line num="71" count="31" type="stmt"/>
        <line num="75" count="42" type="stmt"/>
        <line num="76" count="42" type="stmt"/>
        <line num="77" count="42" type="stmt"/>
        <line num="78" count="42" type="stmt"/>
        <line num="82" count="6" type="stmt"/>
        <line num="86" count="52" type="stmt"/>
        <line num="90" count="6" type="stmt"/>
        <line num="94" count="27" type="cond" truecount="2" falsecount="0"/>
        <line num="95" count="13" type="stmt"/>
        <line num="100" count="2" type="stmt"/>
        <line num="104" count="27" type="stmt"/>
      </file>
      <file name="markupLine.js" path="C:\Users\pjust\Projects\mc-be-markdown\server\converter\markupLine.js">
        <metrics statements="14" coveredstatements="14" conditionals="4" coveredconditionals="4" methods="6" coveredmethods="6"/>
        <line num="3" count="2" type="stmt"/>
        <line num="4" count="37" type="stmt"/>
        <line num="5" count="37" type="stmt"/>
        <line num="6" count="37" type="stmt"/>
        <line num="13" count="37" type="stmt"/>
        <line num="14" count="37" type="stmt"/>
        <line num="22" count="37" type="stmt"/>
        <line num="23" count="37" type="cond" truecount="2" falsecount="0"/>
        <line num="27" count="18" type="stmt"/>
        <line num="30" count="37" type="stmt"/>
        <line num="34" count="37" type="stmt"/>
        <line num="38" count="31" type="stmt"/>
        <line num="42" count="13" type="stmt"/>
        <line num="46" count="31" type="stmt"/>
      </file>
    </package>
    <package name="server.utilities">
      <metrics statements="5" coveredstatements="5" conditionals="0" coveredconditionals="0" methods="3" coveredmethods="3"/>
      <file name="stringUtil.js" path="C:\Users\pjust\Projects\mc-be-markdown\server\utilities\stringUtil.js">
        <metrics statements="5" coveredstatements="5" conditionals="0" coveredconditionals="0" methods="3" coveredmethods="3"/>
        <line num="8" count="37" type="stmt"/>
        <line num="18" count="2" type="stmt"/>
        <line num="29" count="8" type="stmt"/>
        <line num="30" count="8" type="stmt"/>
        <line num="31" count="8" type="stmt"/>
      </file>
    </package>
  </project>
</coverage>
