{"C:\\Users\\pjust\\Projects\\mc-be-markdown\\server\\app.js": {"path":"C:\\Users\\pjust\\Projects\\mc-be-markdown\\server\\app.js","statementMap":{"0":{"start":{"line":3,"column":12},"end":{"line":3,"column":21}},"1":{"start":{"line":4,"column":0},"end":{"line":4,"column":24}},"2":{"start":{"line":6,"column":0},"end":{"line":24,"column":3}},"3":{"start":{"line":7,"column":23},"end":{"line":7,"column":31}},"4":{"start":{"line":9,"column":2},"end":{"line":12,"column":3}},"5":{"start":{"line":10,"column":4},"end":{"line":10,"column":24}},"6":{"start":{"line":11,"column":4},"end":{"line":11,"column":11}},"7":{"start":{"line":14,"column":2},"end":{"line":19,"column":3}},"8":{"start":{"line":15,"column":4},"end":{"line":15,"column":55}},"9":{"start":{"line":17,"column":4},"end":{"line":17,"column":24}},"10":{"start":{"line":18,"column":4},"end":{"line":18,"column":11}},"11":{"start":{"line":21,"column":2},"end":{"line":23,"column":5}}},"fnMap":{"0":{"name":"(anonymous_0)","decl":{"start":{"line":6,"column":24},"end":{"line":6,"column":25}},"loc":{"start":{"line":6,"column":38},"end":{"line":24,"column":1}},"line":6}},"branchMap":{"0":{"loc":{"start":{"line":9,"column":2},"end":{"line":12,"column":3}},"type":"if","locations":[{"start":{"line":9,"column":2},"end":{"line":12,"column":3}},{"start":{},"end":{}}],"line":9}},"s":{"0":1,"1":1,"2":1,"3":4,"4":4,"5":1,"6":1,"7":3,"8":3,"9":0,"10":0,"11":3},"f":{"0":4},"b":{"0":[1,3]},"_coverageSchema":"1a1c01bbd47fc00a2c39e90264f33305004495a9","hash":"875ab8a1bda074323e51aaea1969fe1f4b33bc47"}
,"C:\\Users\\pjust\\Projects\\mc-be-markdown\\server\\converter\\converter.js": {"path":"C:\\Users\\pjust\\Projects\\mc-be-markdown\\server\\converter\\converter.js","statementMap":{"0":{"start":{"line":20,"column":24},"end":{"line":20,"column":41}},"1":{"start":{"line":21,"column":18},"end":{"line":21,"column":38}},"2":{"start":{"line":23,"column":4},"end":{"line":37,"column":5}},"3":{"start":{"line":23,"column":17},"end":{"line":23,"column":18}},"4":{"start":{"line":24,"column":25},"end":{"line":24,"column":49}},"5":{"start":{"line":26,"column":6},"end":{"line":30,"column":7}},"6":{"start":{"line":27,"column":8},"end":{"line":28,"column":45}},"7":{"start":{"line":28,"column":10},"end":{"line":28,"column":45}},"8":{"start":{"line":29,"column":8},"end":{"line":29,"column":17}},"9":{"start":{"line":32,"column":21},"end":{"line":32,"column":68}},"10":{"start":{"line":33,"column":6},"end":{"line":33,"column":36}},"11":{"start":{"line":35,"column":28},"end":{"line":35,"column":50}},"12":{"start":{"line":36,"column":6},"end":{"line":36,"column":50}},"13":{"start":{"line":36,"column":25},"end":{"line":36,"column":50}},"14":{"start":{"line":39,"column":4},"end":{"line":39,"column":31}},"15":{"start":{"line":41,"column":4},"end":{"line":41,"column":34}}},"fnMap":{"0":{"name":"(anonymous_0)","decl":{"start":{"line":19,"column":2},"end":{"line":19,"column":3}},"loc":{"start":{"line":19,"column":34},"end":{"line":42,"column":3}},"line":19}},"branchMap":{"0":{"loc":{"start":{"line":26,"column":6},"end":{"line":30,"column":7}},"type":"if","locations":[{"start":{"line":26,"column":6},"end":{"line":30,"column":7}},{"start":{},"end":{}}],"line":26},"1":{"loc":{"start":{"line":27,"column":8},"end":{"line":28,"column":45}},"type":"if","locations":[{"start":{"line":27,"column":8},"end":{"line":28,"column":45}},{"start":{},"end":{}}],"line":27},"2":{"loc":{"start":{"line":36,"column":6},"end":{"line":36,"column":50}},"type":"if","locations":[{"start":{"line":36,"column":6},"end":{"line":36,"column":50}},{"start":{},"end":{}}],"line":36}},"s":{"0":27,"1":27,"2":27,"3":27,"4":37,"5":37,"6":6,"7":1,"8":6,"9":31,"10":31,"11":31,"12":31,"13":6,"14":27,"15":27},"f":{"0":27},"b":{"0":[6,31],"1":[1,5],"2":[6,25]},"_coverageSchema":"1a1c01bbd47fc00a2c39e90264f33305004495a9","hash":"6d91bae869a10a40ecc7988f7fc53d689d54a6c8"}
,"C:\\Users\\pjust\\Projects\\mc-be-markdown\\server\\converter\\htmlBuilder.js": {"path":"C:\\Users\\pjust\\Projects\\mc-be-markdown\\server\\converter\\htmlBuilder.js","statementMap":{"0":{"start":{"line":6,"column":4},"end":{"line":6,"column":20}},"1":{"start":{"line":7,"column":4},"end":{"line":7,"column":35}},"2":{"start":{"line":16,"column":14},"end":{"line":16,"column":16}},"3":{"start":{"line":17,"column":4},"end":{"line":23,"column":5}},"4":{"start":{"line":18,"column":6},"end":{"line":18,"column":65}},"5":{"start":{"line":18,"column":37},"end":{"line":18,"column":65}},"6":{"start":{"line":19,"column":6},"end":{"line":19,"column":46}},"7":{"start":{"line":21,"column":6},"end":{"line":21,"column":62}},"8":{"start":{"line":22,"column":6},"end":{"line":22,"column":65}},"9":{"start":{"line":22,"column":35},"end":{"line":22,"column":65}},"10":{"start":{"line":24,"column":4},"end":{"line":24,"column":15}},"11":{"start":{"line":28,"column":4},"end":{"line":28,"column":34}},"12":{"start":{"line":32,"column":4},"end":{"line":32,"column":34}},"13":{"start":{"line":33,"column":4},"end":{"line":33,"column":27}},"14":{"start":{"line":34,"column":4},"end":{"line":34,"column":35}},"15":{"start":{"line":38,"column":24},"end":{"line":38,"column":51}},"16":{"start":{"line":40,"column":14},"end":{"line":40,"column":35}},"17":{"start":{"line":41,"column":4},"end":{"line":41,"column":41}},"18":{"start":{"line":42,"column":4},"end":{"line":42,"column":42}},"19":{"start":{"line":44,"column":4},"end":{"line":44,"column":55}},"20":{"start":{"line":48,"column":14},"end":{"line":48,"column":49}},"21":{"start":{"line":49,"column":4},"end":{"line":49,"column":42}},"22":{"start":{"line":50,"column":4},"end":{"line":50,"column":26}},"23":{"start":{"line":55,"column":19},"end":{"line":55,"column":20}},"24":{"start":{"line":56,"column":33},"end":{"line":56,"column":78}},"25":{"start":{"line":58,"column":4},"end":{"line":69,"column":5}},"26":{"start":{"line":59,"column":17},"end":{"line":59,"column":50}},"27":{"start":{"line":60,"column":16},"end":{"line":60,"column":49}},"28":{"start":{"line":61,"column":6},"end":{"line":66,"column":7}},"29":{"start":{"line":62,"column":8},"end":{"line":65,"column":10}},"30":{"start":{"line":67,"column":6},"end":{"line":67,"column":27}},"31":{"start":{"line":68,"column":6},"end":{"line":68,"column":77}},"32":{"start":{"line":71,"column":4},"end":{"line":71,"column":16}},"33":{"start":{"line":75,"column":16},"end":{"line":75,"column":40}},"34":{"start":{"line":76,"column":17},"end":{"line":76,"column":46}},"35":{"start":{"line":77,"column":16},"end":{"line":77,"column":45}},"36":{"start":{"line":78,"column":4},"end":{"line":78,"column":34}},"37":{"start":{"line":82,"column":4},"end":{"line":82,"column":42}},"38":{"start":{"line":86,"column":4},"end":{"line":86,"column":23}},"39":{"start":{"line":90,"column":4},"end":{"line":90,"column":23}},"40":{"start":{"line":94,"column":4},"end":{"line":96,"column":5}},"41":{"start":{"line":95,"column":6},"end":{"line":95,"column":27}},"42":{"start":{"line":100,"column":4},"end":{"line":100,"column":59}},"43":{"start":{"line":104,"column":4},"end":{"line":104,"column":22}}},"fnMap":{"0":{"name":"(anonymous_0)","decl":{"start":{"line":5,"column":2},"end":{"line":5,"column":3}},"loc":{"start":{"line":5,"column":16},"end":{"line":8,"column":3}},"line":5},"1":{"name":"(anonymous_1)","decl":{"start":{"line":15,"column":2},"end":{"line":15,"column":3}},"loc":{"start":{"line":15,"column":38},"end":{"line":25,"column":3}},"line":15},"2":{"name":"(anonymous_2)","decl":{"start":{"line":27,"column":2},"end":{"line":27,"column":3}},"loc":{"start":{"line":27,"column":23},"end":{"line":29,"column":3}},"line":27},"3":{"name":"(anonymous_3)","decl":{"start":{"line":31,"column":2},"end":{"line":31,"column":3}},"loc":{"start":{"line":31,"column":25},"end":{"line":35,"column":3}},"line":31},"4":{"name":"(anonymous_4)","decl":{"start":{"line":85,"column":2},"end":{"line":85,"column":3}},"loc":{"start":{"line":85,"column":16},"end":{"line":87,"column":3}},"line":85},"5":{"name":"(anonymous_5)","decl":{"start":{"line":89,"column":2},"end":{"line":89,"column":3}},"loc":{"start":{"line":89,"column":15},"end":{"line":91,"column":3}},"line":89},"6":{"name":"(anonymous_6)","decl":{"start":{"line":93,"column":2},"end":{"line":93,"column":3}},"loc":{"start":{"line":93,"column":17},"end":{"line":97,"column":3}},"line":93},"7":{"name":"(anonymous_7)","decl":{"start":{"line":99,"column":2},"end":{"line":99,"column":3}},"loc":{"start":{"line":99,"column":27},"end":{"line":101,"column":3}},"line":99},"8":{"name":"(anonymous_8)","decl":{"start":{"line":103,"column":2},"end":{"line":103,"column":3}},"loc":{"start":{"line":103,"column":13},"end":{"line":105,"column":3}},"line":103}},"branchMap":{"0":{"loc":{"start":{"line":17,"column":4},"end":{"line":23,"column":5}},"type":"if","locations":[{"start":{"line":17,"column":4},"end":{"line":23,"column":5}},{"start":{"line":20,"column":11},"end":{"line":23,"column":5}}],"line":17},"1":{"loc":{"start":{"line":18,"column":6},"end":{"line":18,"column":65}},"type":"if","locations":[{"start":{"line":18,"column":6},"end":{"line":18,"column":65}},{"start":{},"end":{}}],"line":18},"2":{"loc":{"start":{"line":22,"column":6},"end":{"line":22,"column":65}},"type":"if","locations":[{"start":{"line":22,"column":6},"end":{"line":22,"column":65}},{"start":{},"end":{}}],"line":22},"3":{"loc":{"start":{"line":48,"column":14},"end":{"line":48,"column":49}},"type":"cond-expr","locations":[{"start":{"line":48,"column":39},"end":{"line":48,"column":41}},{"start":{"line":48,"column":44},"end":{"line":48,"column":49}}],"line":48},"4":{"loc":{"start":{"line":58,"column":11},"end":{"line":58,"column":56}},"type":"binary-expr","locations":[{"start":{"line":58,"column":11},"end":{"line":58,"column":23}},{"start":{"line":58,"column":27},"end":{"line":58,"column":40}},{"start":{"line":58,"column":44},"end":{"line":58,"column":56}}],"line":58},"5":{"loc":{"start":{"line":61,"column":6},"end":{"line":66,"column":7}},"type":"if","locations":[{"start":{"line":61,"column":6},"end":{"line":66,"column":7}},{"start":{},"end":{}}],"line":61},"6":{"loc":{"start":{"line":61,"column":10},"end":{"line":61,"column":52}},"type":"binary-expr","locations":[{"start":{"line":61,"column":10},"end":{"line":61,"column":27}},{"start":{"line":61,"column":31},"end":{"line":61,"column":52}}],"line":61},"7":{"loc":{"start":{"line":94,"column":4},"end":{"line":96,"column":5}},"type":"if","locations":[{"start":{"line":94,"column":4},"end":{"line":96,"column":5}},{"start":{},"end":{}}],"line":94}},"s":{"0":27,"1":27,"2":31,"3":31,"4":13,"5":1,"6":13,"7":18,"8":18,"9":15,"10":31,"11":19,"12":2,"13":2,"14":2,"15":13,"16":13,"17":13,"18":13,"19":13,"20":18,"21":18,"22":18,"23":31,"24":31,"25":31,"26":11,"27":11,"28":11,"29":6,"30":11,"31":11,"32":31,"33":42,"34":42,"35":42,"36":42,"37":6,"38":52,"39":6,"40":27,"41":13,"42":2,"43":27},"f":{"0":27,"1":31,"2":19,"3":2,"4":52,"5":6,"6":27,"7":2,"8":27},"b":{"0":[13,18],"1":[1,12],"2":[15,3],"3":[3,15],"4":[42,11,11],"5":[6,5],"6":[11,8],"7":[13,14]},"_coverageSchema":"1a1c01bbd47fc00a2c39e90264f33305004495a9","hash":"6d84d9006f0ac831131baf5300cb096a620aa581"}
,"C:\\Users\\pjust\\Projects\\mc-be-markdown\\server\\converter\\markupLine.js": {"path":"C:\\Users\\pjust\\Projects\\mc-be-markdown\\server\\converter\\markupLine.js","statementMap":{"0":{"start":{"line":3,"column":28},"end":{"line":3,"column":29}},"1":{"start":{"line":4,"column":10},"end":{"line":4,"column":12}},"2":{"start":{"line":5,"column":15},"end":{"line":5,"column":20}},"3":{"start":{"line":6,"column":17},"end":{"line":6,"column":18}},"4":{"start":{"line":13,"column":4},"end":{"line":13,"column":54}},"5":{"start":{"line":14,"column":4},"end":{"line":14,"column":72}},"6":{"start":{"line":22,"column":22},"end":{"line":22,"column":70}},"7":{"start":{"line":23,"column":4},"end":{"line":28,"column":5}},"8":{"start":{"line":27,"column":6},"end":{"line":27,"column":24}},"9":{"start":{"line":30,"column":4},"end":{"line":30,"column":74}},"10":{"start":{"line":30,"column":42},"end":{"line":30,"column":51}},"11":{"start":{"line":34,"column":4},"end":{"line":34,"column":35}},"12":{"start":{"line":38,"column":4},"end":{"line":38,"column":27}},"13":{"start":{"line":42,"column":4},"end":{"line":42,"column":29}},"14":{"start":{"line":46,"column":4},"end":{"line":46,"column":22}}},"fnMap":{"0":{"name":"(anonymous_0)","decl":{"start":{"line":12,"column":2},"end":{"line":12,"column":3}},"loc":{"start":{"line":12,"column":20},"end":{"line":15,"column":3}},"line":12},"1":{"name":"(anonymous_1)","decl":{"start":{"line":30,"column":35},"end":{"line":30,"column":36}},"loc":{"start":{"line":30,"column":42},"end":{"line":30,"column":51}},"line":30},"2":{"name":"(anonymous_2)","decl":{"start":{"line":33,"column":2},"end":{"line":33,"column":3}},"loc":{"start":{"line":33,"column":12},"end":{"line":35,"column":3}},"line":33},"3":{"name":"(anonymous_3)","decl":{"start":{"line":37,"column":2},"end":{"line":37,"column":3}},"loc":{"start":{"line":37,"column":14},"end":{"line":39,"column":3}},"line":37},"4":{"name":"(anonymous_4)","decl":{"start":{"line":41,"column":2},"end":{"line":41,"column":3}},"loc":{"start":{"line":41,"column":19},"end":{"line":43,"column":3}},"line":41},"5":{"name":"(anonymous_5)","decl":{"start":{"line":45,"column":2},"end":{"line":45,"column":3}},"loc":{"start":{"line":45,"column":13},"end":{"line":47,"column":3}},"line":45}},"branchMap":{"0":{"loc":{"start":{"line":23,"column":4},"end":{"line":28,"column":5}},"type":"if","locations":[{"start":{"line":23,"column":4},"end":{"line":28,"column":5}},{"start":{},"end":{}}],"line":23},"1":{"loc":{"start":{"line":24,"column":6},"end":{"line":25,"column":30}},"type":"binary-expr","locations":[{"start":{"line":24,"column":6},"end":{"line":24,"column":54}},{"start":{"line":25,"column":6},"end":{"line":25,"column":30}}],"line":24}},"s":{"0":2,"1":37,"2":37,"3":37,"4":37,"5":37,"6":37,"7":37,"8":18,"9":19,"10":37,"11":37,"12":31,"13":13,"14":31},"f":{"0":37,"1":37,"2":37,"3":31,"4":13,"5":31},"b":{"0":[18,19],"1":[37,36]},"_coverageSchema":"1a1c01bbd47fc00a2c39e90264f33305004495a9","hash":"1c25e365a0aa9219d2602cc9fbb73ccfcafa2112"}
,"C:\\Users\\pjust\\Projects\\mc-be-markdown\\server\\utilities\\stringUtil.js": {"path":"C:\\Users\\pjust\\Projects\\mc-be-markdown\\server\\utilities\\stringUtil.js","statementMap":{"0":{"start":{"line":8,"column":4},"end":{"line":8,"column":45}},"1":{"start":{"line":18,"column":4},"end":{"line":18,"column":46}},"2":{"start":{"line":29,"column":6},"end":{"line":29,"column":219}},"3":{"start":{"line":30,"column":16},"end":{"line":30,"column":38}},"4":{"start":{"line":31,"column":4},"end":{"line":31,"column":28}}},"fnMap":{"0":{"name":"(anonymous_0)","decl":{"start":{"line":7,"column":2},"end":{"line":7,"column":3}},"loc":{"start":{"line":7,"column":34},"end":{"line":9,"column":3}},"line":7},"1":{"name":"(anonymous_1)","decl":{"start":{"line":17,"column":2},"end":{"line":17,"column":3}},"loc":{"start":{"line":17,"column":35},"end":{"line":19,"column":3}},"line":17},"2":{"name":"(anonymous_2)","decl":{"start":{"line":26,"column":2},"end":{"line":26,"column":3}},"loc":{"start":{"line":26,"column":20},"end":{"line":32,"column":3}},"line":26}},"branchMap":{},"s":{"0":37,"1":2,"2":8,"3":8,"4":8},"f":{"0":37,"1":2,"2":8},"b":{},"_coverageSchema":"1a1c01bbd47fc00a2c39e90264f33305004495a9","hash":"99dbb31a036a3be7deda88709ae003f76de2ad6e"}
}
