TN:
SF:app.js
FN:6,(anonymous_0)
FNF:1
FNH:1
FNDA:4,(anonymous_0)
DA:3,1
DA:4,1
DA:6,1
DA:7,4
DA:9,4
DA:10,1
DA:11,1
DA:14,3
DA:15,3
DA:17,0
DA:18,0
DA:21,3
LF:12
LH:10
BRDA:9,0,0,1
BRDA:9,0,1,3
BRF:2
BRH:2
end_of_record
TN:
SF:converter\converter.js
FN:19,(anonymous_0)
FNF:1
FNH:1
FNDA:27,(anonymous_0)
DA:20,27
DA:21,27
DA:23,27
DA:24,37
DA:26,37
DA:27,6
DA:28,1
DA:29,6
DA:32,31
DA:33,31
DA:35,31
DA:36,31
DA:39,27
DA:41,27
LF:14
LH:14
BRDA:26,0,0,6
BRDA:26,0,1,31
BRDA:27,1,0,1
BRDA:27,1,1,5
BRDA:36,2,0,6
BRDA:36,2,1,25
BRF:6
BRH:6
end_of_record
TN:
SF:converter\htmlBuilder.js
FN:5,(anonymous_0)
FN:15,(anonymous_1)
FN:27,(anonymous_2)
FN:31,(anonymous_3)
FN:85,(anonymous_4)
FN:89,(anonymous_5)
FN:93,(anonymous_6)
FN:99,(anonymous_7)
FN:103,(anonymous_8)
FNF:9
FNH:9
FNDA:27,(anonymous_0)
FNDA:31,(anonymous_1)
FNDA:19,(anonymous_2)
FNDA:2,(anonymous_3)
FNDA:52,(anonymous_4)
FNDA:6,(anonymous_5)
FNDA:27,(anonymous_6)
FNDA:2,(anonymous_7)
FNDA:27,(anonymous_8)
DA:6,27
DA:7,27
DA:16,31
DA:17,31
DA:18,13
DA:19,13
DA:21,18
DA:22,18
DA:24,31
DA:28,19
DA:32,2
DA:33,2
DA:34,2
DA:38,13
DA:40,13
DA:41,13
DA:42,13
DA:44,13
DA:48,18
DA:49,18
DA:50,18
DA:55,31
DA:56,31
DA:58,31
DA:59,11
DA:60,11
DA:61,11
DA:62,6
DA:67,11
DA:68,11
DA:71,31
DA:75,42
DA:76,42
DA:77,42
DA:78,42
DA:82,6
DA:86,52
DA:90,6
DA:94,27
DA:95,13
DA:100,2
DA:104,27
LF:42
LH:42
BRDA:17,0,0,13
BRDA:17,0,1,18
BRDA:18,1,0,1
BRDA:18,1,1,12
BRDA:22,2,0,15
BRDA:22,2,1,3
BRDA:48,3,0,3
BRDA:48,3,1,15
BRDA:58,4,0,42
BRDA:58,4,1,11
BRDA:58,4,2,11
BRDA:61,5,0,6
BRDA:61,5,1,5
BRDA:61,6,0,11
BRDA:61,6,1,8
BRDA:94,7,0,13
BRDA:94,7,1,14
BRF:17
BRH:17
end_of_record
TN:
SF:converter\markupLine.js
FN:12,(anonymous_0)
FN:30,(anonymous_1)
FN:33,(anonymous_2)
FN:37,(anonymous_3)
FN:41,(anonymous_4)
FN:45,(anonymous_5)
FNF:6
FNH:6
FNDA:37,(anonymous_0)
FNDA:37,(anonymous_1)
FNDA:37,(anonymous_2)
FNDA:31,(anonymous_3)
FNDA:13,(anonymous_4)
FNDA:31,(anonymous_5)
DA:3,2
DA:4,37
DA:5,37
DA:6,37
DA:13,37
DA:14,37
DA:22,37
DA:23,37
DA:27,18
DA:30,37
DA:34,37
DA:38,31
DA:42,13
DA:46,31
LF:14
LH:14
BRDA:23,0,0,18
BRDA:23,0,1,19
BRDA:24,1,0,37
BRDA:24,1,1,36
BRF:4
BRH:4
end_of_record
TN:
SF:utilities\stringUtil.js
FN:7,(anonymous_0)
FN:17,(anonymous_1)
FN:26,(anonymous_2)
FNF:3
FNH:3
FNDA:37,(anonymous_0)
FNDA:2,(anonymous_1)
FNDA:8,(anonymous_2)
DA:8,37
DA:18,2
DA:29,8
DA:30,8
DA:31,8
LF:5
LH:5
BRF:0
BRH:0
end_of_record
